  Zombo.cpp
H:\Projects\C++\LIL-C++ Games 1\zombos\zombos\zombos\Zombo.cpp(27,47): warning C4244: '=': conversion from 'unsigned int' to 'T', possible loss of data
          with
          [
              T=float
          ]
H:\Projects\C++\LIL-C++ Games 1\zombos\zombos\zombos\Zombo.cpp(29,47): warning C4244: '=': conversion from 'unsigned int' to 'T', possible loss of data
          with
          [
              T=float
          ]
H:\Projects\C++\LIL-C++ Games 1\zombos\zombos\zombos\Zombo.cpp(31,59): warning C4244: 'argument': conversion from 'T' to 'unsigned int', possible loss of data
          with
          [
              T=float
          ]
H:\Projects\C++\LIL-C++ Games 1\zombos\zombos\zombos\Zombo.cpp(31,45): warning C4244: 'argument': conversion from 'T' to 'unsigned int', possible loss of data
          with
          [
              T=float
          ]
  zombos.vcxproj -> H:\Projects\C++\LIL-C++ Games 1\zombos\zombos\Debug\zombos.exe
